{"/Users/andredora/Desktop/Safinity/Safinity-app/frontend/utils/api.ts": {"path":"/Users/andredora/Desktop/Safinity/Safinity-app/frontend/utils/api.ts","statementMap":{"0":{"start":{"line":5,"column":23},"end":{"line":5,"column":58}},"1":{"start":{"line":7,"column":24},"end":{"line":7,"column":73}},"2":{"start":{"line":9,"column":12},"end":{"line":9,"column":41}},"3":{"start":{"line":11,"column":0},"end":{"line":40,"column":3}},"4":{"start":{"line":12,"column":18},"end":{"line":18,"column":15}},"5":{"start":{"line":19,"column":35},"end":{"line":21,"column":3}},"6":{"start":{"line":23,"column":2},"end":{"line":25,"column":3}},"7":{"start":{"line":24,"column":4},"end":{"line":24,"column":18}},"8":{"start":{"line":27,"column":2},"end":{"line":37,"column":3}},"9":{"start":{"line":28,"column":4},"end":{"line":36,"column":5}},"10":{"start":{"line":29,"column":20},"end":{"line":29,"column":65}},"11":{"start":{"line":30,"column":6},"end":{"line":32,"column":7}},"12":{"start":{"line":31,"column":8},"end":{"line":31,"column":57}},"13":{"start":{"line":39,"column":2},"end":{"line":39,"column":16}}},"fnMap":{"0":{"name":"(anonymous_0)","decl":{"start":{"line":11,"column":29},"end":{"line":11,"column":30}},"loc":{"start":{"line":11,"column":45},"end":{"line":40,"column":1}},"line":11}},"branchMap":{"0":{"loc":{"start":{"line":7,"column":24},"end":{"line":7,"column":73}},"type":"binary-expr","locations":[{"start":{"line":7,"column":24},"end":{"line":7,"column":55}},{"start":{"line":7,"column":59},"end":{"line":7,"column":73}}],"line":7},"1":{"loc":{"start":{"line":20,"column":4},"end":{"line":20,"column":87}},"type":"binary-expr","locations":[{"start":{"line":20,"column":4},"end":{"line":20,"column":26}},{"start":{"line":20,"column":30},"end":{"line":20,"column":52}},{"start":{"line":20,"column":56},"end":{"line":20,"column":87}}],"line":20},"2":{"loc":{"start":{"line":23,"column":2},"end":{"line":25,"column":3}},"type":"if","locations":[{"start":{"line":23,"column":2},"end":{"line":25,"column":3}},{"start":{},"end":{}}],"line":23},"3":{"loc":{"start":{"line":27,"column":2},"end":{"line":37,"column":3}},"type":"if","locations":[{"start":{"line":27,"column":2},"end":{"line":37,"column":3}},{"start":{},"end":{}}],"line":27},"4":{"loc":{"start":{"line":30,"column":6},"end":{"line":32,"column":7}},"type":"if","locations":[{"start":{"line":30,"column":6},"end":{"line":32,"column":7}},{"start":{},"end":{}}],"line":30}},"s":{"0":3,"1":3,"2":3,"3":3,"4":0,"5":0,"6":0,"7":0,"8":0,"9":0,"10":0,"11":0,"12":0,"13":0},"f":{"0":0},"b":{"0":[3,3],"1":[0,0,0],"2":[0,0],"3":[0,0],"4":[0,0]},"_coverageSchema":"1a1c01bbd47fc00a2c39e90264f33305004495a9","hash":"6f492cfe160398dccfcf95cd09c45005c80fc5a9"}
,"/Users/andredora/Desktop/Safinity/Safinity-app/frontend/utils/navigationHistory.ts": {"path":"/Users/andredora/Desktop/Safinity/Safinity-app/frontend/utils/navigationHistory.ts","statementMap":{"0":{"start":{"line":3,"column":27},"end":{"line":3,"column":29}},"1":{"start":{"line":4,"column":23},"end":{"line":4,"column":32}},"2":{"start":{"line":6,"column":29},"end":{"line":6,"column":31}},"3":{"start":{"line":9,"column":2},"end":{"line":9,"column":49}},"4":{"start":{"line":13,"column":2},"end":{"line":13,"column":64}},"5":{"start":{"line":13,"column":45},"end":{"line":13,"column":62}},"6":{"start":{"line":17,"column":2},"end":{"line":17,"column":29}},"7":{"start":{"line":21,"column":2},"end":{"line":21,"column":48}},"8":{"start":{"line":25,"column":19},"end":{"line":25,"column":59}},"9":{"start":{"line":27,"column":2},"end":{"line":27,"column":67}},"10":{"start":{"line":27,"column":43},"end":{"line":27,"column":67}},"11":{"start":{"line":28,"column":2},"end":{"line":28,"column":68}},"12":{"start":{"line":28,"column":43},"end":{"line":28,"column":68}},"13":{"start":{"line":29,"column":2},"end":{"line":29,"column":61}},"14":{"start":{"line":29,"column":44},"end":{"line":29,"column":61}},"15":{"start":{"line":30,"column":2},"end":{"line":30,"column":74}},"16":{"start":{"line":30,"column":49},"end":{"line":30,"column":74}},"17":{"start":{"line":31,"column":2},"end":{"line":31,"column":70}},"18":{"start":{"line":31,"column":45},"end":{"line":31,"column":70}},"19":{"start":{"line":32,"column":2},"end":{"line":32,"column":84}},"20":{"start":{"line":32,"column":59},"end":{"line":32,"column":84}},"21":{"start":{"line":33,"column":2},"end":{"line":35,"column":3}},"22":{"start":{"line":34,"column":4},"end":{"line":34,"column":29}},"23":{"start":{"line":36,"column":2},"end":{"line":36,"column":64}},"24":{"start":{"line":36,"column":39},"end":{"line":36,"column":64}},"25":{"start":{"line":37,"column":2},"end":{"line":37,"column":66}},"26":{"start":{"line":37,"column":41},"end":{"line":37,"column":66}},"27":{"start":{"line":38,"column":2},"end":{"line":38,"column":61}},"28":{"start":{"line":38,"column":44},"end":{"line":38,"column":61}},"29":{"start":{"line":39,"column":2},"end":{"line":39,"column":64}},"30":{"start":{"line":39,"column":47},"end":{"line":39,"column":64}},"31":{"start":{"line":40,"column":2},"end":{"line":40,"column":73}},"32":{"start":{"line":40,"column":46},"end":{"line":40,"column":73}},"33":{"start":{"line":41,"column":2},"end":{"line":41,"column":73}},"34":{"start":{"line":41,"column":46},"end":{"line":41,"column":73}},"35":{"start":{"line":43,"column":2},"end":{"line":43,"column":24}},"36":{"start":{"line":50,"column":2},"end":{"line":52,"column":3}},"37":{"start":{"line":51,"column":4},"end":{"line":51,"column":14}},"38":{"start":{"line":54,"column":2},"end":{"line":56,"column":3}},"39":{"start":{"line":55,"column":4},"end":{"line":55,"column":26}},"40":{"start":{"line":58,"column":16},"end":{"line":72,"column":14}},"41":{"start":{"line":60,"column":6},"end":{"line":62,"column":7}},"42":{"start":{"line":61,"column":8},"end":{"line":61,"column":21}},"43":{"start":{"line":64,"column":30},"end":{"line":64,"column":72}},"44":{"start":{"line":65,"column":6},"end":{"line":65,"column":53}},"45":{"start":{"line":68,"column":30},"end":{"line":68,"column":72}},"46":{"start":{"line":69,"column":6},"end":{"line":69,"column":81}},"47":{"start":{"line":74,"column":2},"end":{"line":74,"column":51}},"48":{"start":{"line":78,"column":2},"end":{"line":80,"column":3}},"49":{"start":{"line":79,"column":4},"end":{"line":79,"column":11}},"50":{"start":{"line":82,"column":2},"end":{"line":82,"column":39}},"51":{"start":{"line":84,"column":23},"end":{"line":84,"column":89}},"52":{"start":{"line":86,"column":2},"end":{"line":88,"column":3}},"53":{"start":{"line":87,"column":4},"end":{"line":87,"column":11}},"54":{"start":{"line":90,"column":24},"end":{"line":90,"column":90}},"55":{"start":{"line":92,"column":2},"end":{"line":95,"column":3}},"56":{"start":{"line":93,"column":4},"end":{"line":93,"column":23}},"57":{"start":{"line":94,"column":4},"end":{"line":94,"column":11}},"58":{"start":{"line":97,"column":24},"end":{"line":97,"column":55}},"59":{"start":{"line":99,"column":2},"end":{"line":101,"column":3}},"60":{"start":{"line":100,"column":4},"end":{"line":100,"column":42}},"61":{"start":{"line":103,"column":2},"end":{"line":103,"column":27}},"62":{"start":{"line":105,"column":2},"end":{"line":107,"column":3}},"63":{"start":{"line":106,"column":4},"end":{"line":106,"column":59}},"64":{"start":{"line":111,"column":23},"end":{"line":111,"column":89}},"65":{"start":{"line":113,"column":2},"end":{"line":118,"column":3}},"66":{"start":{"line":117,"column":4},"end":{"line":117,"column":52}},"67":{"start":{"line":120,"column":24},"end":{"line":120,"column":90}},"68":{"start":{"line":122,"column":2},"end":{"line":126,"column":3}},"69":{"start":{"line":123,"column":4},"end":{"line":123,"column":23}},"70":{"start":{"line":124,"column":4},"end":{"line":124,"column":66}},"71":{"start":{"line":125,"column":4},"end":{"line":125,"column":11}},"72":{"start":{"line":129,"column":4},"end":{"line":131,"column":21}},"73":{"start":{"line":133,"column":2},"end":{"line":133,"column":49}}},"fnMap":{"0":{"name":"stringifyParam","decl":{"start":{"line":8,"column":9},"end":{"line":8,"column":23}},"loc":{"start":{"line":8,"column":50},"end":{"line":10,"column":1}},"line":8},"1":{"name":"isPathParam","decl":{"start":{"line":12,"column":9},"end":{"line":12,"column":20}},"loc":{"start":{"line":12,"column":54},"end":{"line":14,"column":1}},"line":12},"2":{"name":"(anonymous_2)","decl":{"start":{"line":13,"column":34},"end":{"line":13,"column":35}},"loc":{"start":{"line":13,"column":45},"end":{"line":13,"column":62}},"line":13},"3":{"name":"stripQuery","decl":{"start":{"line":16,"column":9},"end":{"line":16,"column":19}},"loc":{"start":{"line":16,"column":35},"end":{"line":18,"column":1}},"line":16},"4":{"name":"normalizeHistoryRoute","decl":{"start":{"line":20,"column":9},"end":{"line":20,"column":30}},"loc":{"start":{"line":20,"column":46},"end":{"line":22,"column":1}},"line":20},"5":{"name":"getHierarchicalFallback","decl":{"start":{"line":24,"column":9},"end":{"line":24,"column":32}},"loc":{"start":{"line":24,"column":48},"end":{"line":44,"column":1}},"line":24},"6":{"name":"buildHistoryRoute","decl":{"start":{"line":46,"column":16},"end":{"line":46,"column":33}},"loc":{"start":{"line":49,"column":2},"end":{"line":75,"column":1}},"line":49},"7":{"name":"(anonymous_7)","decl":{"start":{"line":59,"column":12},"end":{"line":59,"column":13}},"loc":{"start":{"line":59,"column":27},"end":{"line":66,"column":5}},"line":59},"8":{"name":"(anonymous_8)","decl":{"start":{"line":67,"column":9},"end":{"line":67,"column":10}},"loc":{"start":{"line":67,"column":27},"end":{"line":70,"column":5}},"line":67},"9":{"name":"recordRoute","decl":{"start":{"line":77,"column":16},"end":{"line":77,"column":27}},"loc":{"start":{"line":77,"column":43},"end":{"line":108,"column":1}},"line":77},"10":{"name":"navigateToPreviousRoute","decl":{"start":{"line":110,"column":16},"end":{"line":110,"column":39}},"loc":{"start":{"line":110,"column":72},"end":{"line":134,"column":1}},"line":110}},"branchMap":{"0":{"loc":{"start":{"line":9,"column":9},"end":{"line":9,"column":48}},"type":"cond-expr","locations":[{"start":{"line":9,"column":32},"end":{"line":9,"column":40}},{"start":{"line":9,"column":43},"end":{"line":9,"column":48}}],"line":9},"1":{"loc":{"start":{"line":21,"column":9},"end":{"line":21,"column":47}},"type":"cond-expr","locations":[{"start":{"line":21,"column":25},"end":{"line":21,"column":39}},{"start":{"line":21,"column":42},"end":{"line":21,"column":47}}],"line":21},"2":{"loc":{"start":{"line":27,"column":2},"end":{"line":27,"column":67}},"type":"if","locations":[{"start":{"line":27,"column":2},"end":{"line":27,"column":67}},{"start":{},"end":{}}],"line":27},"3":{"loc":{"start":{"line":28,"column":2},"end":{"line":28,"column":68}},"type":"if","locations":[{"start":{"line":28,"column":2},"end":{"line":28,"column":68}},{"start":{},"end":{}}],"line":28},"4":{"loc":{"start":{"line":29,"column":2},"end":{"line":29,"column":61}},"type":"if","locations":[{"start":{"line":29,"column":2},"end":{"line":29,"column":61}},{"start":{},"end":{}}],"line":29},"5":{"loc":{"start":{"line":30,"column":2},"end":{"line":30,"column":74}},"type":"if","locations":[{"start":{"line":30,"column":2},"end":{"line":30,"column":74}},{"start":{},"end":{}}],"line":30},"6":{"loc":{"start":{"line":31,"column":2},"end":{"line":31,"column":70}},"type":"if","locations":[{"start":{"line":31,"column":2},"end":{"line":31,"column":70}},{"start":{},"end":{}}],"line":31},"7":{"loc":{"start":{"line":32,"column":2},"end":{"line":32,"column":84}},"type":"if","locations":[{"start":{"line":32,"column":2},"end":{"line":32,"column":84}},{"start":{},"end":{}}],"line":32},"8":{"loc":{"start":{"line":33,"column":2},"end":{"line":35,"column":3}},"type":"if","locations":[{"start":{"line":33,"column":2},"end":{"line":35,"column":3}},{"start":{},"end":{}}],"line":33},"9":{"loc":{"start":{"line":33,"column":6},"end":{"line":33,"column":84}},"type":"binary-expr","locations":[{"start":{"line":33,"column":6},"end":{"line":33,"column":36}},{"start":{"line":33,"column":40},"end":{"line":33,"column":84}}],"line":33},"10":{"loc":{"start":{"line":36,"column":2},"end":{"line":36,"column":64}},"type":"if","locations":[{"start":{"line":36,"column":2},"end":{"line":36,"column":64}},{"start":{},"end":{}}],"line":36},"11":{"loc":{"start":{"line":37,"column":2},"end":{"line":37,"column":66}},"type":"if","locations":[{"start":{"line":37,"column":2},"end":{"line":37,"column":66}},{"start":{},"end":{}}],"line":37},"12":{"loc":{"start":{"line":38,"column":2},"end":{"line":38,"column":61}},"type":"if","locations":[{"start":{"line":38,"column":2},"end":{"line":38,"column":61}},{"start":{},"end":{}}],"line":38},"13":{"loc":{"start":{"line":39,"column":2},"end":{"line":39,"column":64}},"type":"if","locations":[{"start":{"line":39,"column":2},"end":{"line":39,"column":64}},{"start":{},"end":{}}],"line":39},"14":{"loc":{"start":{"line":40,"column":2},"end":{"line":40,"column":73}},"type":"if","locations":[{"start":{"line":40,"column":2},"end":{"line":40,"column":73}},{"start":{},"end":{}}],"line":40},"15":{"loc":{"start":{"line":41,"column":2},"end":{"line":41,"column":73}},"type":"if","locations":[{"start":{"line":41,"column":2},"end":{"line":41,"column":73}},{"start":{},"end":{}}],"line":41},"16":{"loc":{"start":{"line":50,"column":2},"end":{"line":52,"column":3}},"type":"if","locations":[{"start":{"line":50,"column":2},"end":{"line":52,"column":3}},{"start":{},"end":{}}],"line":50},"17":{"loc":{"start":{"line":54,"column":2},"end":{"line":56,"column":3}},"type":"if","locations":[{"start":{"line":54,"column":2},"end":{"line":56,"column":3}},{"start":{},"end":{}}],"line":54},"18":{"loc":{"start":{"line":60,"column":6},"end":{"line":62,"column":7}},"type":"if","locations":[{"start":{"line":60,"column":6},"end":{"line":62,"column":7}},{"start":{},"end":{}}],"line":60},"19":{"loc":{"start":{"line":60,"column":10},"end":{"line":60,"column":45}},"type":"binary-expr","locations":[{"start":{"line":60,"column":10},"end":{"line":60,"column":29}},{"start":{"line":60,"column":33},"end":{"line":60,"column":45}}],"line":60},"20":{"loc":{"start":{"line":74,"column":9},"end":{"line":74,"column":50}},"type":"cond-expr","locations":[{"start":{"line":74,"column":17},"end":{"line":74,"column":39}},{"start":{"line":74,"column":42},"end":{"line":74,"column":50}}],"line":74},"21":{"loc":{"start":{"line":78,"column":2},"end":{"line":80,"column":3}},"type":"if","locations":[{"start":{"line":78,"column":2},"end":{"line":80,"column":3}},{"start":{},"end":{}}],"line":78},"22":{"loc":{"start":{"line":84,"column":45},"end":{"line":84,"column":88}},"type":"binary-expr","locations":[{"start":{"line":84,"column":45},"end":{"line":84,"column":82}},{"start":{"line":84,"column":86},"end":{"line":84,"column":88}}],"line":84},"23":{"loc":{"start":{"line":86,"column":2},"end":{"line":88,"column":3}},"type":"if","locations":[{"start":{"line":86,"column":2},"end":{"line":88,"column":3}},{"start":{},"end":{}}],"line":86},"24":{"loc":{"start":{"line":90,"column":46},"end":{"line":90,"column":89}},"type":"binary-expr","locations":[{"start":{"line":90,"column":46},"end":{"line":90,"column":83}},{"start":{"line":90,"column":87},"end":{"line":90,"column":89}}],"line":90},"25":{"loc":{"start":{"line":92,"column":2},"end":{"line":95,"column":3}},"type":"if","locations":[{"start":{"line":92,"column":2},"end":{"line":95,"column":3}},{"start":{},"end":{}}],"line":92},"26":{"loc":{"start":{"line":99,"column":2},"end":{"line":101,"column":3}},"type":"if","locations":[{"start":{"line":99,"column":2},"end":{"line":101,"column":3}},{"start":{},"end":{}}],"line":99},"27":{"loc":{"start":{"line":105,"column":2},"end":{"line":107,"column":3}},"type":"if","locations":[{"start":{"line":105,"column":2},"end":{"line":107,"column":3}},{"start":{},"end":{}}],"line":105},"28":{"loc":{"start":{"line":110,"column":40},"end":{"line":110,"column":70}},"type":"default-arg","locations":[{"start":{"line":110,"column":56},"end":{"line":110,"column":70}}],"line":110},"29":{"loc":{"start":{"line":111,"column":45},"end":{"line":111,"column":88}},"type":"binary-expr","locations":[{"start":{"line":111,"column":45},"end":{"line":111,"column":82}},{"start":{"line":111,"column":86},"end":{"line":111,"column":88}}],"line":111},"30":{"loc":{"start":{"line":114,"column":4},"end":{"line":115,"column":87}},"type":"binary-expr","locations":[{"start":{"line":114,"column":4},"end":{"line":114,"column":27}},{"start":{"line":115,"column":4},"end":{"line":115,"column":87}}],"line":114},"31":{"loc":{"start":{"line":115,"column":26},"end":{"line":115,"column":69}},"type":"binary-expr","locations":[{"start":{"line":115,"column":26},"end":{"line":115,"column":63}},{"start":{"line":115,"column":67},"end":{"line":115,"column":69}}],"line":115},"32":{"loc":{"start":{"line":120,"column":46},"end":{"line":120,"column":89}},"type":"binary-expr","locations":[{"start":{"line":120,"column":46},"end":{"line":120,"column":83}},{"start":{"line":120,"column":87},"end":{"line":120,"column":89}}],"line":120},"33":{"loc":{"start":{"line":122,"column":2},"end":{"line":126,"column":3}},"type":"if","locations":[{"start":{"line":122,"column":2},"end":{"line":126,"column":3}},{"start":{},"end":{}}],"line":122},"34":{"loc":{"start":{"line":122,"column":6},"end":{"line":122,"column":53}},"type":"binary-expr","locations":[{"start":{"line":122,"column":6},"end":{"line":122,"column":19}},{"start":{"line":122,"column":23},"end":{"line":122,"column":53}}],"line":122},"35":{"loc":{"start":{"line":129,"column":4},"end":{"line":131,"column":21}},"type":"cond-expr","locations":[{"start":{"line":130,"column":8},"end":{"line":130,"column":45}},{"start":{"line":131,"column":8},"end":{"line":131,"column":21}}],"line":129},"36":{"loc":{"start":{"line":129,"column":4},"end":{"line":129,"column":52}},"type":"binary-expr","locations":[{"start":{"line":129,"column":4},"end":{"line":129,"column":36}},{"start":{"line":129,"column":40},"end":{"line":129,"column":52}}],"line":129}},"s":{"0":2,"1":2,"2":2,"3":0,"4":0,"5":0,"6":0,"7":0,"8":0,"9":0,"10":0,"11":0,"12":0,"13":0,"14":0,"15":0,"16":0,"17":0,"18":0,"19":0,"20":0,"21":0,"22":0,"23":0,"24":0,"25":0,"26":0,"27":0,"28":0,"29":0,"30":0,"31":0,"32":0,"33":0,"34":0,"35":0,"36":0,"37":0,"38":0,"39":0,"40":0,"41":0,"42":0,"43":0,"44":0,"45":0,"46":0,"47":0,"48":0,"49":0,"50":0,"51":0,"52":0,"53":0,"54":0,"55":0,"56":0,"57":0,"58":0,"59":0,"60":0,"61":0,"62":0,"63":0,"64":0,"65":0,"66":0,"67":0,"68":0,"69":0,"70":0,"71":0,"72":0,"73":0},"f":{"0":0,"1":0,"2":0,"3":0,"4":0,"5":0,"6":0,"7":0,"8":0,"9":0,"10":0},"b":{"0":[0,0],"1":[0,0],"2":[0,0],"3":[0,0],"4":[0,0],"5":[0,0],"6":[0,0],"7":[0,0],"8":[0,0],"9":[0,0],"10":[0,0],"11":[0,0],"12":[0,0],"13":[0,0],"14":[0,0],"15":[0,0],"16":[0,0],"17":[0,0],"18":[0,0],"19":[0,0],"20":[0,0],"21":[0,0],"22":[0,0],"23":[0,0],"24":[0,0],"25":[0,0],"26":[0,0],"27":[0,0],"28":[0],"29":[0,0],"30":[0,0],"31":[0,0],"32":[0,0],"33":[0,0],"34":[0,0],"35":[0,0],"36":[0,0]},"_coverageSchema":"1a1c01bbd47fc00a2c39e90264f33305004495a9","hash":"36675247502d93659bb1304696eabb372f423bfd"}
,"/Users/andredora/Desktop/Safinity/Safinity-app/frontend/utils/profile.ts": {"path":"/Users/andredora/Desktop/Safinity/Safinity-app/frontend/utils/profile.ts","statementMap":{"0":{"start":{"line":5,"column":19},"end":{"line":8,"column":2}},"1":{"start":{"line":53,"column":2},"end":{"line":53,"column":66}},"2":{"start":{"line":57,"column":19},"end":{"line":59,"column":4}},"3":{"start":{"line":61,"column":2},"end":{"line":61,"column":23}},"4":{"start":{"line":65,"column":26},"end":{"line":71,"column":3}},"5":{"start":{"line":68,"column":23},"end":{"line":68,"column":58}},"6":{"start":{"line":69,"column":36},"end":{"line":69,"column":89}},"7":{"start":{"line":73,"column":2},"end":{"line":75,"column":3}},"8":{"start":{"line":74,"column":4},"end":{"line":74,"column":14}},"9":{"start":{"line":77,"column":25},"end":{"line":85,"column":3}},"10":{"start":{"line":79,"column":23},"end":{"line":81,"column":8}},"11":{"start":{"line":83,"column":6},"end":{"line":83,"column":53}},"12":{"start":{"line":87,"column":2},"end":{"line":94,"column":9}},"13":{"start":{"line":88,"column":4},"end":{"line":91,"column":5}},"14":{"start":{"line":89,"column":31},"end":{"line":89,"column":45}},"15":{"start":{"line":90,"column":6},"end":{"line":90,"column":39}},"16":{"start":{"line":93,"column":4},"end":{"line":93,"column":27}},"17":{"start":{"line":98,"column":18},"end":{"line":98,"column":43}},"18":{"start":{"line":99,"column":26},"end":{"line":99,"column":71}},"19":{"start":{"line":101,"column":2},"end":{"line":103,"column":3}},"20":{"start":{"line":102,"column":4},"end":{"line":102,"column":19}},"21":{"start":{"line":105,"column":2},"end":{"line":123,"column":4}},"22":{"start":{"line":108,"column":22},"end":{"line":108,"column":57}},"23":{"start":{"line":109,"column":20},"end":{"line":109,"column":66}},"24":{"start":{"line":111,"column":6},"end":{"line":113,"column":7}},"25":{"start":{"line":112,"column":8},"end":{"line":112,"column":22}},"26":{"start":{"line":115,"column":6},"end":{"line":121,"column":8}},"27":{"start":{"line":127,"column":19},"end":{"line":129,"column":4}},"28":{"start":{"line":131,"column":2},"end":{"line":131,"column":23}},"29":{"start":{"line":135,"column":19},"end":{"line":137,"column":4}},"30":{"start":{"line":139,"column":2},"end":{"line":139,"column":23}}},"fnMap":{"0":{"name":"authHeaders","decl":{"start":{"line":52,"column":9},"end":{"line":52,"column":20}},"loc":{"start":{"line":52,"column":43},"end":{"line":54,"column":1}},"line":52},"1":{"name":"getMyProfile","decl":{"start":{"line":56,"column":22},"end":{"line":56,"column":34}},"loc":{"start":{"line":56,"column":57},"end":{"line":62,"column":1}},"line":56},"2":{"name":"fetchMissingEventImages","decl":{"start":{"line":64,"column":15},"end":{"line":64,"column":38}},"loc":{"start":{"line":64,"column":92},"end":{"line":95,"column":1}},"line":64},"3":{"name":"(anonymous_3)","decl":{"start":{"line":68,"column":13},"end":{"line":68,"column":14}},"loc":{"start":{"line":68,"column":23},"end":{"line":68,"column":58}},"line":68},"4":{"name":"(anonymous_4)","decl":{"start":{"line":69,"column":16},"end":{"line":69,"column":17}},"loc":{"start":{"line":69,"column":36},"end":{"line":69,"column":89}},"line":69},"5":{"name":"(anonymous_5)","decl":{"start":{"line":78,"column":24},"end":{"line":78,"column":25}},"loc":{"start":{"line":78,"column":41},"end":{"line":84,"column":5}},"line":78},"6":{"name":"(anonymous_6)","decl":{"start":{"line":87,"column":49},"end":{"line":87,"column":50}},"loc":{"start":{"line":87,"column":80},"end":{"line":94,"column":3}},"line":87},"7":{"name":"getMyProfileWithEventImages","decl":{"start":{"line":97,"column":22},"end":{"line":97,"column":49}},"loc":{"start":{"line":97,"column":72},"end":{"line":124,"column":1}},"line":97},"8":{"name":"(anonymous_8)","decl":{"start":{"line":107,"column":43},"end":{"line":107,"column":44}},"loc":{"start":{"line":107,"column":53},"end":{"line":122,"column":5}},"line":107},"9":{"name":"updateMyProfile","decl":{"start":{"line":126,"column":22},"end":{"line":126,"column":37}},"loc":{"start":{"line":126,"column":91},"end":{"line":132,"column":1}},"line":126},"10":{"name":"deleteMyAccount","decl":{"start":{"line":134,"column":22},"end":{"line":134,"column":37}},"loc":{"start":{"line":134,"column":60},"end":{"line":140,"column":1}},"line":134}},"branchMap":{"0":{"loc":{"start":{"line":53,"column":9},"end":{"line":53,"column":65}},"type":"cond-expr","locations":[{"start":{"line":53,"column":17},"end":{"line":53,"column":53}},{"start":{"line":53,"column":56},"end":{"line":53,"column":65}}],"line":53},"1":{"loc":{"start":{"line":68,"column":23},"end":{"line":68,"column":58}},"type":"binary-expr","locations":[{"start":{"line":68,"column":23},"end":{"line":68,"column":39}},{"start":{"line":68,"column":43},"end":{"line":68,"column":58}}],"line":68},"2":{"loc":{"start":{"line":69,"column":36},"end":{"line":69,"column":89}},"type":"binary-expr","locations":[{"start":{"line":69,"column":36},"end":{"line":69,"column":43}},{"start":{"line":69,"column":47},"end":{"line":69,"column":89}}],"line":69},"3":{"loc":{"start":{"line":73,"column":2},"end":{"line":75,"column":3}},"type":"if","locations":[{"start":{"line":73,"column":2},"end":{"line":75,"column":3}},{"start":{},"end":{}}],"line":73},"4":{"loc":{"start":{"line":88,"column":4},"end":{"line":91,"column":5}},"type":"if","locations":[{"start":{"line":88,"column":4},"end":{"line":91,"column":5}},{"start":{},"end":{}}],"line":88},"5":{"loc":{"start":{"line":101,"column":2},"end":{"line":103,"column":3}},"type":"if","locations":[{"start":{"line":101,"column":2},"end":{"line":103,"column":3}},{"start":{},"end":{}}],"line":101},"6":{"loc":{"start":{"line":108,"column":22},"end":{"line":108,"column":57}},"type":"binary-expr","locations":[{"start":{"line":108,"column":22},"end":{"line":108,"column":38}},{"start":{"line":108,"column":42},"end":{"line":108,"column":57}}],"line":108},"7":{"loc":{"start":{"line":109,"column":20},"end":{"line":109,"column":66}},"type":"cond-expr","locations":[{"start":{"line":109,"column":30},"end":{"line":109,"column":54}},{"start":{"line":109,"column":57},"end":{"line":109,"column":66}}],"line":109},"8":{"loc":{"start":{"line":111,"column":6},"end":{"line":113,"column":7}},"type":"if","locations":[{"start":{"line":111,"column":6},"end":{"line":113,"column":7}},{"start":{},"end":{}}],"line":111},"9":{"loc":{"start":{"line":111,"column":10},"end":{"line":111,"column":55}},"type":"binary-expr","locations":[{"start":{"line":111,"column":10},"end":{"line":111,"column":23}},{"start":{"line":111,"column":27},"end":{"line":111,"column":33}},{"start":{"line":111,"column":37},"end":{"line":111,"column":55}}],"line":111}},"s":{"0":1,"1":0,"2":0,"3":0,"4":0,"5":0,"6":0,"7":0,"8":0,"9":0,"10":0,"11":0,"12":0,"13":0,"14":0,"15":0,"16":0,"17":0,"18":0,"19":0,"20":0,"21":0,"22":0,"23":0,"24":0,"25":0,"26":0,"27":0,"28":0,"29":0,"30":0},"f":{"0":0,"1":0,"2":0,"3":0,"4":0,"5":0,"6":0,"7":0,"8":0,"9":0,"10":0},"b":{"0":[0,0],"1":[0,0],"2":[0,0],"3":[0,0],"4":[0,0],"5":[0,0],"6":[0,0],"7":[0,0],"8":[0,0],"9":[0,0,0]},"_coverageSchema":"1a1c01bbd47fc00a2c39e90264f33305004495a9","hash":"3c97a78c8a1dda4f3e9474add9c60a1dab268d07"}
}
