TN:
SF:utils/api.ts
FN:11,(anonymous_0)
FNF:1
FNH:0
FNDA:0,(anonymous_0)
DA:5,3
DA:7,3
DA:9,3
DA:11,3
DA:12,0
DA:19,0
DA:23,0
DA:24,0
DA:27,0
DA:28,0
DA:29,0
DA:30,0
DA:31,0
DA:39,0
LF:14
LH:4
BRDA:7,0,0,3
BRDA:7,0,1,3
BRDA:20,1,0,0
BRDA:20,1,1,0
BRDA:20,1,2,0
BRDA:23,2,0,0
BRDA:23,2,1,0
BRDA:27,3,0,0
BRDA:27,3,1,0
BRDA:30,4,0,0
BRDA:30,4,1,0
BRF:11
BRH:2
end_of_record
TN:
SF:utils/navigationHistory.ts
FN:8,stringifyParam
FN:12,isPathParam
FN:13,(anonymous_2)
FN:16,stripQuery
FN:20,normalizeHistoryRoute
FN:24,getHierarchicalFallback
FN:46,buildHistoryRoute
FN:59,(anonymous_7)
FN:67,(anonymous_8)
FN:77,recordRoute
FN:110,navigateToPreviousRoute
FNF:11
FNH:0
FNDA:0,stringifyParam
FNDA:0,isPathParam
FNDA:0,(anonymous_2)
FNDA:0,stripQuery
FNDA:0,normalizeHistoryRoute
FNDA:0,getHierarchicalFallback
FNDA:0,buildHistoryRoute
FNDA:0,(anonymous_7)
FNDA:0,(anonymous_8)
FNDA:0,recordRoute
FNDA:0,navigateToPreviousRoute
DA:3,2
DA:4,2
DA:6,2
DA:9,0
DA:13,0
DA:17,0
DA:21,0
DA:25,0
DA:27,0
DA:28,0
DA:29,0
DA:30,0
DA:31,0
DA:32,0
DA:33,0
DA:34,0
DA:36,0
DA:37,0
DA:38,0
DA:39,0
DA:40,0
DA:41,0
DA:43,0
DA:50,0
DA:51,0
DA:54,0
DA:55,0
DA:58,0
DA:60,0
DA:61,0
DA:64,0
DA:65,0
DA:68,0
DA:69,0
DA:74,0
DA:78,0
DA:79,0
DA:82,0
DA:84,0
DA:86,0
DA:87,0
DA:90,0
DA:92,0
DA:93,0
DA:94,0
DA:97,0
DA:99,0
DA:100,0
DA:103,0
DA:105,0
DA:106,0
DA:111,0
DA:113,0
DA:117,0
DA:120,0
DA:122,0
DA:123,0
DA:124,0
DA:125,0
DA:129,0
DA:133,0
LF:61
LH:3
BRDA:9,0,0,0
BRDA:9,0,1,0
BRDA:21,1,0,0
BRDA:21,1,1,0
BRDA:27,2,0,0
BRDA:27,2,1,0
BRDA:28,3,0,0
BRDA:28,3,1,0
BRDA:29,4,0,0
BRDA:29,4,1,0
BRDA:30,5,0,0
BRDA:30,5,1,0
BRDA:31,6,0,0
BRDA:31,6,1,0
BRDA:32,7,0,0
BRDA:32,7,1,0
BRDA:33,8,0,0
BRDA:33,8,1,0
BRDA:33,9,0,0
BRDA:33,9,1,0
BRDA:36,10,0,0
BRDA:36,10,1,0
BRDA:37,11,0,0
BRDA:37,11,1,0
BRDA:38,12,0,0
BRDA:38,12,1,0
BRDA:39,13,0,0
BRDA:39,13,1,0
BRDA:40,14,0,0
BRDA:40,14,1,0
BRDA:41,15,0,0
BRDA:41,15,1,0
BRDA:50,16,0,0
BRDA:50,16,1,0
BRDA:54,17,0,0
BRDA:54,17,1,0
BRDA:60,18,0,0
BRDA:60,18,1,0
BRDA:60,19,0,0
BRDA:60,19,1,0
BRDA:74,20,0,0
BRDA:74,20,1,0
BRDA:78,21,0,0
BRDA:78,21,1,0
BRDA:84,22,0,0
BRDA:84,22,1,0
BRDA:86,23,0,0
BRDA:86,23,1,0
BRDA:90,24,0,0
BRDA:90,24,1,0
BRDA:92,25,0,0
BRDA:92,25,1,0
BRDA:99,26,0,0
BRDA:99,26,1,0
BRDA:105,27,0,0
BRDA:105,27,1,0
BRDA:110,28,0,0
BRDA:111,29,0,0
BRDA:111,29,1,0
BRDA:114,30,0,0
BRDA:114,30,1,0
BRDA:115,31,0,0
BRDA:115,31,1,0
BRDA:120,32,0,0
BRDA:120,32,1,0
BRDA:122,33,0,0
BRDA:122,33,1,0
BRDA:122,34,0,0
BRDA:122,34,1,0
BRDA:129,35,0,0
BRDA:129,35,1,0
BRDA:129,36,0,0
BRDA:129,36,1,0
BRF:73
BRH:0
end_of_record
TN:
SF:utils/profile.ts
FN:52,authHeaders
FN:56,getMyProfile
FN:64,fetchMissingEventImages
FN:68,(anonymous_3)
FN:69,(anonymous_4)
FN:78,(anonymous_5)
FN:87,(anonymous_6)
FN:97,getMyProfileWithEventImages
FN:107,(anonymous_8)
FN:126,updateMyProfile
FN:134,deleteMyAccount
FNF:11
FNH:0
FNDA:0,authHeaders
FNDA:0,getMyProfile
FNDA:0,fetchMissingEventImages
FNDA:0,(anonymous_3)
FNDA:0,(anonymous_4)
FNDA:0,(anonymous_5)
FNDA:0,(anonymous_6)
FNDA:0,getMyProfileWithEventImages
FNDA:0,(anonymous_8)
FNDA:0,updateMyProfile
FNDA:0,deleteMyAccount
DA:5,1
DA:53,0
DA:57,0
DA:61,0
DA:65,0
DA:68,0
DA:69,0
DA:73,0
DA:74,0
DA:77,0
DA:79,0
DA:83,0
DA:87,0
DA:88,0
DA:89,0
DA:90,0
DA:93,0
DA:98,0
DA:99,0
DA:101,0
DA:102,0
DA:105,0
DA:108,0
DA:109,0
DA:111,0
DA:112,0
DA:115,0
DA:127,0
DA:131,0
DA:135,0
DA:139,0
LF:31
LH:1
BRDA:53,0,0,0
BRDA:53,0,1,0
BRDA:68,1,0,0
BRDA:68,1,1,0
BRDA:69,2,0,0
BRDA:69,2,1,0
BRDA:73,3,0,0
BRDA:73,3,1,0
BRDA:88,4,0,0
BRDA:88,4,1,0
BRDA:101,5,0,0
BRDA:101,5,1,0
BRDA:108,6,0,0
BRDA:108,6,1,0
BRDA:109,7,0,0
BRDA:109,7,1,0
BRDA:111,8,0,0
BRDA:111,8,1,0
BRDA:111,9,0,0
BRDA:111,9,1,0
BRDA:111,9,2,0
BRF:21
BRH:0
end_of_record
